app/build/intermediates/manifest_merge_blame_file/debug/manifest-merger-blame-debug-report.txt
1<?xml version="1.0" encoding="utf-8"?>
2<manifest xmlns:android="http://schemas.android.com/apk/res/android"
3    package="com.example.itrack"
4    android:versionCode="1"
5    android:versionName="1.0" >
6
7    <uses-sdk
8        android:minSdkVersion="21"
8-->src\main\AndroidManifest.xml
9        android:targetSdkVersion="30" />
9-->src\main\AndroidManifest.xml
10
11    <uses-permission android:name="android.permission.INTERNET" />
11-->src\main\AndroidManifest.xml:6:5-67
11-->src\main\AndroidManifest.xml:6:22-64
12    <uses-permission android:name="android.permission.RECEIVE_BOOT_COMPLETED" />
12-->src\main\AndroidManifest.xml:7:5-81
12-->src\main\AndroidManifest.xml:7:22-78
13    <uses-permission android:name="android.permission.ACCESS_NETWORK_STATE" />
13-->src\main\AndroidManifest.xml:8:5-79
13-->src\main\AndroidManifest.xml:8:22-76
14    <uses-permission android:name="android.permission.VIBRATE" />
14-->src\main\AndroidManifest.xml:10:5-66
14-->src\main\AndroidManifest.xml:10:22-63
15
16    <application
16-->src\main\AndroidManifest.xml:12:5-53:19
17        android:allowBackup="true"
17-->src\main\AndroidManifest.xml:13:9-35
18        android:appComponentFactory="androidx.core.app.CoreComponentFactory"
18-->[androidx.core:core:1.3.2] AndroidManifest.xml:24:18-86
19        android:debuggable="true"
20        android:icon="@mipmap/ic_launcher"
20-->src\main\AndroidManifest.xml:14:9-43
21        android:label="@string/app_name"
21-->src\main\AndroidManifest.xml:15:9-41
22        android:roundIcon="@mipmap/ic_launcher_round"
22-->src\main\AndroidManifest.xml:16:9-54
23        android:supportsRtl="true"
23-->src\main\AndroidManifest.xml:17:9-35
24        android:testOnly="true"
25        android:theme="@style/Theme.ITrack" >
25-->src\main\AndroidManifest.xml:18:9-44
26        <activity android:name="com.example.itrack.reminder.reminderAdd" />
26-->src\main\AndroidManifest.xml:20:9-58
26-->src\main\AndroidManifest.xml:20:19-55
27        <activity android:name="com.example.itrack.reminder.drawerReminder" />
27-->src\main\AndroidManifest.xml:21:9-61
27-->src\main\AndroidManifest.xml:21:19-58
28        <activity android:name="com.example.itrack.drawerNav.drawerPofile" />
28-->src\main\AndroidManifest.xml:22:9-60
28-->src\main\AndroidManifest.xml:22:19-57
29        <activity android:name="com.example.itrack.login" />
29-->src\main\AndroidManifest.xml:23:9-43
29-->src\main\AndroidManifest.xml:23:19-40
30        <activity android:name="com.example.itrack.pedometer.pedometerMain" />
30-->src\main\AndroidManifest.xml:24:9-61
30-->src\main\AndroidManifest.xml:24:19-58
31        <activity
31-->src\main\AndroidManifest.xml:25:9-27:72
32            android:name="com.example.itrack.Home"
32-->src\main\AndroidManifest.xml:26:13-33
33            android:theme="@style/Theme.AppCompat.Light.NoActionBar" />
33-->src\main\AndroidManifest.xml:27:13-69
34        <activity
34-->src\main\AndroidManifest.xml:28:9-30:72
35            android:name="com.example.itrack.startInformation"
35-->src\main\AndroidManifest.xml:29:13-45
36            android:theme="@style/Theme.AppCompat.Light.NoActionBar" />
36-->src\main\AndroidManifest.xml:30:13-69
37        <activity android:name="com.example.itrack.CreateAcc" />
37-->src\main\AndroidManifest.xml:31:9-47
37-->src\main\AndroidManifest.xml:31:19-44
38        <activity
38-->src\main\AndroidManifest.xml:32:9-40:20
39            android:name="com.example.itrack.welcomeWindow"
39-->src\main\AndroidManifest.xml:33:13-42
40            android:theme="@style/Theme.AppCompat.Light.NoActionBar" >
40-->src\main\AndroidManifest.xml:34:13-69
41            <intent-filter>
41-->src\main\AndroidManifest.xml:35:13-39:29
42                <action android:name="android.intent.action.MAIN" />
42-->src\main\AndroidManifest.xml:36:17-69
42-->src\main\AndroidManifest.xml:36:25-66
43
44                <category android:name="android.intent.category.LAUNCHER" />
44-->src\main\AndroidManifest.xml:38:17-77
44-->src\main\AndroidManifest.xml:38:27-74
45            </intent-filter>
46        </activity>
47        <activity
47-->src\main\AndroidManifest.xml:41:9-43:72
48            android:name="com.example.itrack.MainActivity"
48-->src\main\AndroidManifest.xml:42:13-41
49            android:theme="@style/Theme.AppCompat.Light.NoActionBar" />
49-->src\main\AndroidManifest.xml:43:13-69
50
51        <provider
51-->src\main\AndroidManifest.xml:45:9-47:65
52            android:name="com.example.itrack.reminder.AlarmReminderProvider"
52-->src\main\AndroidManifest.xml:46:13-59
53            android:authorities="com.example.itrack.reminder" />
53-->src\main\AndroidManifest.xml:47:13-62
54
55        <service
55-->src\main\AndroidManifest.xml:48:9-51:37
56            android:name="com.example.itrack.reminder.ReminderAlarmService"
56-->src\main\AndroidManifest.xml:49:13-58
57            android:enabled="true"
57-->src\main\AndroidManifest.xml:51:13-35
58            android:exported="false" />
58-->src\main\AndroidManifest.xml:50:13-37
59
60        <activity
60-->[com.google.firebase:firebase-auth:20.0.1] AndroidManifest.xml:27:9-44:20
61            android:name="com.google.firebase.auth.internal.GenericIdpActivity"
61-->[com.google.firebase:firebase-auth:20.0.1] AndroidManifest.xml:28:13-80
62            android:excludeFromRecents="true"
62-->[com.google.firebase:firebase-auth:20.0.1] AndroidManifest.xml:29:13-46
63            android:exported="true"
63-->[com.google.firebase:firebase-auth:20.0.1] AndroidManifest.xml:30:13-36
64            android:launchMode="singleTask"
64-->[com.google.firebase:firebase-auth:20.0.1] AndroidManifest.xml:31:13-44
65            android:theme="@android:style/Theme.Translucent.NoTitleBar" >
65-->[com.google.firebase:firebase-auth:20.0.1] AndroidManifest.xml:32:13-72
66            <intent-filter>
66-->[com.google.firebase:firebase-auth:20.0.1] AndroidManifest.xml:33:13-43:29
67                <action android:name="android.intent.action.VIEW" />
67-->[com.google.firebase:firebase-auth:20.0.1] AndroidManifest.xml:34:17-69
67-->[com.google.firebase:firebase-auth:20.0.1] AndroidManifest.xml:34:25-66
68
69                <category android:name="android.intent.category.DEFAULT" />
69-->[com.google.firebase:firebase-auth:20.0.1] AndroidManifest.xml:36:17-76
69-->[com.google.firebase:firebase-auth:20.0.1] AndroidManifest.xml:36:27-73
70                <category android:name="android.intent.category.BROWSABLE" />
70-->[com.google.firebase:firebase-auth:20.0.1] AndroidManifest.xml:37:17-78
70-->[com.google.firebase:firebase-auth:20.0.1] AndroidManifest.xml:37:27-75
71
72                <data
72-->[com.google.firebase:firebase-auth:20.0.1] AndroidManifest.xml:39:17-42:51
73                    android:host="firebase.auth"
73-->[com.google.firebase:firebase-auth:20.0.1] AndroidManifest.xml:40:21-49
74                    android:path="/"
74-->[com.google.firebase:firebase-auth:20.0.1] AndroidManifest.xml:41:21-37
75                    android:scheme="genericidp" />
75-->[com.google.firebase:firebase-auth:20.0.1] AndroidManifest.xml:42:21-48
76            </intent-filter>
77        </activity>
78        <activity
78-->[com.google.firebase:firebase-auth:20.0.1] AndroidManifest.xml:45:9-62:20
79            android:name="com.google.firebase.auth.internal.RecaptchaActivity"
79-->[com.google.firebase:firebase-auth:20.0.1] AndroidManifest.xml:46:13-79
80            android:excludeFromRecents="true"
80-->[com.google.firebase:firebase-auth:20.0.1] AndroidManifest.xml:47:13-46
81            android:exported="true"
81-->[com.google.firebase:firebase-auth:20.0.1] AndroidManifest.xml:48:13-36
82            android:launchMode="singleTask"
82-->[com.google.firebase:firebase-auth:20.0.1] AndroidManifest.xml:49:13-44
83            android:theme="@android:style/Theme.Translucent.NoTitleBar" >
83-->[com.google.firebase:firebase-auth:20.0.1] AndroidManifest.xml:50:13-72
84            <intent-filter>
84-->[com.google.firebase:firebase-auth:20.0.1] AndroidManifest.xml:51:13-61:29
85                <action android:name="android.intent.action.VIEW" />
85-->[com.google.firebase:firebase-auth:20.0.1] AndroidManifest.xml:34:17-69
85-->[com.google.firebase:firebase-auth:20.0.1] AndroidManifest.xml:34:25-66
86
87                <category android:name="android.intent.category.DEFAULT" />
87-->[com.google.firebase:firebase-auth:20.0.1] AndroidManifest.xml:36:17-76
87-->[com.google.firebase:firebase-auth:20.0.1] AndroidManifest.xml:36:27-73
88                <category android:name="android.intent.category.BROWSABLE" />
88-->[com.google.firebase:firebase-auth:20.0.1] AndroidManifest.xml:37:17-78
88-->[com.google.firebase:firebase-auth:20.0.1] AndroidManifest.xml:37:27-75
89
90                <data
90-->[com.google.firebase:firebase-auth:20.0.1] AndroidManifest.xml:39:17-42:51
91                    android:host="firebase.auth"
91-->[com.google.firebase:firebase-auth:20.0.1] AndroidManifest.xml:40:21-49
92                    android:path="/"
92-->[com.google.firebase:firebase-auth:20.0.1] AndroidManifest.xml:41:21-37
93                    android:scheme="recaptcha" />
93-->[com.google.firebase:firebase-auth:20.0.1] AndroidManifest.xml:42:21-48
94            </intent-filter>
95        </activity>
96
97        <service
97-->[com.google.firebase:firebase-auth:20.0.1] AndroidManifest.xml:64:9-73:19
98            android:name="com.google.firebase.auth.api.fallback.service.FirebaseAuthFallbackService"
98-->[com.google.firebase:firebase-auth:20.0.1] AndroidManifest.xml:65:13-101
99            android:enabled="true"
99-->[com.google.firebase:firebase-auth:20.0.1] AndroidManifest.xml:66:13-35
100            android:exported="false" >
100-->[com.google.firebase:firebase-auth:20.0.1] AndroidManifest.xml:67:13-37
101            <intent-filter>
101-->[com.google.firebase:firebase-auth:20.0.1] AndroidManifest.xml:68:13-72:29
102                <action android:name="com.google.firebase.auth.api.gms.service.START" />
102-->[com.google.firebase:firebase-auth:20.0.1] AndroidManifest.xml:69:17-89
102-->[com.google.firebase:firebase-auth:20.0.1] AndroidManifest.xml:69:25-86
103
104                <category android:name="android.intent.category.DEFAULT" />
104-->[com.google.firebase:firebase-auth:20.0.1] AndroidManifest.xml:36:17-76
104-->[com.google.firebase:firebase-auth:20.0.1] AndroidManifest.xml:36:27-73
105            </intent-filter>
106        </service>
107        <service
107-->[com.google.firebase:firebase-auth:20.0.1] AndroidManifest.xml:74:9-80:19
108            android:name="com.google.firebase.components.ComponentDiscoveryService"
108-->[com.google.firebase:firebase-auth:20.0.1] AndroidManifest.xml:75:13-84
109            android:directBootAware="true"
109-->[com.google.firebase:firebase-common:19.5.0] AndroidManifest.xml:35:13-43
110            android:exported="false" >
110-->[com.google.firebase:firebase-auth:20.0.1] AndroidManifest.xml:76:13-37
111            <meta-data
111-->[com.google.firebase:firebase-auth:20.0.1] AndroidManifest.xml:77:13-79:85
112                android:name="com.google.firebase.components:com.google.firebase.auth.FirebaseAuthRegistrar"
112-->[com.google.firebase:firebase-auth:20.0.1] AndroidManifest.xml:78:17-109
113                android:value="com.google.firebase.components.ComponentRegistrar" />
113-->[com.google.firebase:firebase-auth:20.0.1] AndroidManifest.xml:79:17-82
114            <meta-data
114-->[com.google.firebase:firebase-firestore:22.1.1] AndroidManifest.xml:20:13-22:85
115                android:name="com.google.firebase.components:com.google.firebase.firestore.FirestoreRegistrar"
115-->[com.google.firebase:firebase-firestore:22.1.1] AndroidManifest.xml:21:17-111
116                android:value="com.google.firebase.components.ComponentRegistrar" />
116-->[com.google.firebase:firebase-firestore:22.1.1] AndroidManifest.xml:22:17-82
117            <meta-data
117-->[com.google.firebase:firebase-database:19.6.0] AndroidManifest.xml:32:13-34:85
118                android:name="com.google.firebase.components:com.google.firebase.database.DatabaseRegistrar"
118-->[com.google.firebase:firebase-database:19.6.0] AndroidManifest.xml:33:17-109
119                android:value="com.google.firebase.components.ComponentRegistrar" />
119-->[com.google.firebase:firebase-database:19.6.0] AndroidManifest.xml:34:17-82
120            <!--
121                This registrar is not defined in the dynamic-module-support sdk itself to allow non-firebase
122                clients to use it as well, by defining this registrar in their own core/common library.
123            -->
124            <meta-data
124-->[com.google.firebase:firebase-common:19.5.0] AndroidManifest.xml:43:13-45:85
125                android:name="com.google.firebase.components:com.google.firebase.dynamicloading.DynamicLoadingRegistrar"
125-->[com.google.firebase:firebase-common:19.5.0] AndroidManifest.xml:44:17-121
126                android:value="com.google.firebase.components.ComponentRegistrar" />
126-->[com.google.firebase:firebase-common:19.5.0] AndroidManifest.xml:45:17-82
127        </service>
128
129        <activity
129-->[com.google.android.gms:play-services-base:17.1.0] AndroidManifest.xml:23:9-26:75
130            android:name="com.google.android.gms.common.api.GoogleApiActivity"
130-->[com.google.android.gms:play-services-base:17.1.0] AndroidManifest.xml:24:13-79
131            android:exported="false"
131-->[com.google.android.gms:play-services-base:17.1.0] AndroidManifest.xml:25:13-37
132            android:theme="@android:style/Theme.Translucent.NoTitleBar" />
132-->[com.google.android.gms:play-services-base:17.1.0] AndroidManifest.xml:26:13-72
133
134        <provider
134-->[com.google.firebase:firebase-common:19.5.0] AndroidManifest.xml:26:9-31:39
135            android:name="com.google.firebase.provider.FirebaseInitProvider"
135-->[com.google.firebase:firebase-common:19.5.0] AndroidManifest.xml:27:13-77
136            android:authorities="com.example.itrack.firebaseinitprovider"
136-->[com.google.firebase:firebase-common:19.5.0] AndroidManifest.xml:28:13-72
137            android:directBootAware="true"
137-->[com.google.firebase:firebase-common:19.5.0] AndroidManifest.xml:29:13-43
138            android:exported="false"
138-->[com.google.firebase:firebase-common:19.5.0] AndroidManifest.xml:30:13-37
139            android:initOrder="100" />
139-->[com.google.firebase:firebase-common:19.5.0] AndroidManifest.xml:31:13-36
140
141        <meta-data
141-->[com.google.android.gms:play-services-basement:17.1.0] AndroidManifest.xml:23:9-25:69
142            android:name="com.google.android.gms.version"
142-->[com.google.android.gms:play-services-basement:17.1.0] AndroidManifest.xml:24:13-58
143            android:value="@integer/google_play_services_version" />
143-->[com.google.android.gms:play-services-basement:17.1.0] AndroidManifest.xml:25:13-66
144    </application>
145
146</manifest>